Start testing: May 25 17:07 CST
----------------------------------------------------------
1/3 Testing: test_misc1
1/3 Test: test_misc1
Command: "/home/lynn1289/桌面/code/MC/build/test_misc1"
Directory: /home/lynn1289/桌面/code/MC/build
"test_misc1" start time: May 25 17:07 CST
Output:
----------------------------------------------------------
Randomness seeded to: 3283363348
===============================================================================
All tests passed (70 assertions in 8 test cases)

<end of output>
Test time =   0.01 sec
----------------------------------------------------------
Test Passed.
"test_misc1" end time: May 25 17:07 CST
"test_misc1" time elapsed: 00:00:00
----------------------------------------------------------

2/3 Testing: test_misc2
2/3 Test: test_misc2
Command: "/home/lynn1289/桌面/code/MC/build/test_misc2"
Directory: /home/lynn1289/桌面/code/MC/build
"test_misc2" start time: May 25 17:07 CST
Output:
----------------------------------------------------------
Randomness seeded to: 551941325
# ParameterBundle::read_xml_category(...)> Parameter of the categoray "ID" : ID = test
# Parameter::set_val> Set ID = test as a string

# ParameterBundle::read_xml_category(...)> Parameter of the categoray "System" : L0 = 12
# Parameter::set_val> Set L0 = 12 as an integer

# ParameterBundle::read_xml_category(...)> Parameter of the categoray "System" : L1 = 34
# Parameter::set_val> Set L1 = 34 as an integer

# ParameterBundle::read_xml_category(...)> Parameter of the categoray "Model" : Tmax = 6.5
# Parameter::set_val> Set Tmax = 6.5 as a double prec number

# ParameterBundle::read_xml_category(...)> Parameter of the categoray "Model" : Tmin = 0.1
# Parameter::set_val> Set Tmin = 0.1 as a double prec number

# ParameterBundle::read_xml_category(...)> Parameter of the categoray "Model" : N_TemperaturePoints = 56
# Parameter::set_val> Set N_TemperaturePoints = 56 as an integer

===============================================================================
All tests passed (5 assertions in 1 test case)

<end of output>
Test time =   0.02 sec
----------------------------------------------------------
Test Passed.
"test_misc2" end time: May 25 17:07 CST
"test_misc2" time elapsed: 00:00:00
----------------------------------------------------------

3/3 Testing: test_Ising_Kagome
3/3 Test: test_Ising_Kagome
Command: "/home/lynn1289/桌面/code/MC/build/test_Ising_Kagome"
Directory: /home/lynn1289/桌面/code/MC/build
"test_Ising_Kagome" start time: May 25 17:07 CST
Output:
----------------------------------------------------------
Randomness seeded to: 3129065709
System size in KagomeLatticeIsingSystem_MC_stderr_validation(...) ... 2 x 2
T = 5 : Energy : Portion within CI (95%) = 0.96 (stddev for the binomial dist. = 0.0308221; tol. parameter = 3) ... OK
T = 5 : C : Portion within CI (95%) = 0.96 (stddev for the binomial dist. = 0.0308221; tol. parameter = 3) ... OK
T = 5 : M^2 : Portion within CI (95%) = 0.92 (stddev for the binomial dist. = 0.0308221; tol. parameter = 3) ... OK
System size in KagomeLatticeIsingSystem_MC_stderr_validation(...) ... 2 x 2
T = 2.5 : Energy : Portion within CI (95%) = 0.92 (stddev for the binomial dist. = 0.0308221; tol. parameter = 3) ... OK
T = 2.5 : C : Portion within CI (95%) = 0.96 (stddev for the binomial dist. = 0.0308221; tol. parameter = 3) ... OK
T = 2.5 : M^2 : Portion within CI (95%) = 0.92 (stddev for the binomial dist. = 0.0308221; tol. parameter = 3) ... OK
System size in KagomeLatticeIsingSystem_MC_stderr_validation(...) ... 2 x 2
T = 1.66667 : Energy : Portion within CI (95%) = 0.98 (stddev for the binomial dist. = 0.0308221; tol. parameter = 3) ... OK
T = 1.66667 : C : Portion within CI (95%) = 0.98 (stddev for the binomial dist. = 0.0308221; tol. parameter = 3) ... OK
T = 1.66667 : M^2 : Portion within CI (95%) = 0.98 (stddev for the binomial dist. = 0.0308221; tol. parameter = 3) ... OK
System size in KagomeLatticeIsingSystem_MC_stderr_validation(...) ... 2 x 2
T = 1.25 : Energy : Portion within CI (95%) = 0.94 (stddev for the binomial dist. = 0.0308221; tol. parameter = 3) ... OK
T = 1.25 : C : Portion within CI (95%) = 0.92 (stddev for the binomial dist. = 0.0308221; tol. parameter = 3) ... OK
T = 1.25 : M^2 : Portion within CI (95%) = 0.92 (stddev for the binomial dist. = 0.0308221; tol. parameter = 3) ... OK
System size in KagomeLatticeIsingSystem_MC_stderr_validation(...) ... 2 x 2
T = 1 : Energy : Portion within CI (95%) = 0.96 (stddev for the binomial dist. = 0.0308221; tol. parameter = 3) ... OK
T = 1 : C : Portion within CI (95%) = 0.96 (stddev for the binomial dist. = 0.0308221; tol. parameter = 3) ... OK
T = 1 : M^2 : Portion within CI (95%) = 0.96 (stddev for the binomial dist. = 0.0308221; tol. parameter = 3) ... OK
System size in KagomeLatticeIsingSystem_MC_stderr_validation(...) ... 2 x 2
T = 0.909091 : Energy : Portion within CI (95%) = 0.94 (stddev for the binomial dist. = 0.0308221; tol. parameter = 3) ... OK
T = 0.909091 : C : Portion within CI (95%) = 0.9 (stddev for the binomial dist. = 0.0308221; tol. parameter = 3) ... OK
T = 0.909091 : M^2 : Portion within CI (95%) = 0.94 (stddev for the binomial dist. = 0.0308221; tol. parameter = 3) ... OK
===============================================================================
All tests passed (31 assertions in 4 test cases)

<end of output>
Test time = 364.70 sec
----------------------------------------------------------
Test Passed.
"test_Ising_Kagome" end time: May 25 17:13 CST
"test_Ising_Kagome" time elapsed: 00:06:04
----------------------------------------------------------

End testing: May 25 17:13 CST
